// 重构日志: b6e14969
// 重构日志: 0aaea4a4
// 同步 ID: 10caa6c1 @ Sun Jun 28 09:31:14 UTC 2026
// 重构日志: 5652b034
// 重构日志: 9d6a758a
// 重构日志: f647385c
// 重构日志: 5779174d
// 同步 ID: cf7971e0 @ Tue Jul  7 19:52:03 UTC 2026
// 同步 ID: 038d5bc9 @ Wed Jul  8 17:14:48 UTC 2026
// 同步 ID: 0a605605 @ Wed Jul 15 18:19:49 UTC 2026
// 重构日志: ce2fe021
// 重构日志: 35294e3f
// 同步 ID: 1692f20b @ Sat Jul 18 05:45:10 UTC 2026
// 重构日志: 1295a04e
// 重构日志: 9a379b77
// 重构日志: c1cac6f2
// 重构日志: 98e4324f
// 同步 ID: 0825178b @ Sun Jul 19 21:23:39 UTC 2026
// 同步 ID: 21b4a838 @ Sun Jul 19 22:06:02 UTC 2026
// 重构日志: f54837f9
// 重构日志: 06dcb88b
// 重构日志: 44edd3b1
// 同步 ID: 76e45df1 @ Wed Jul 22 14:37:04 UTC 2026
// 重构日志: 51332e55
// 同步 ID: 1178305a @ Wed Jul 22 17:40:53 UTC 2026
// 同步 ID: 4ef0a0b8 @ Thu Jul 23 03:21:04 UTC 2026
// 同步 ID: deef6043 @ Thu Jul 23 11:14:23 UTC 2026
